<?xml version="1.0" encoding="UTF-8"?>
<!-- Generated by org.testng.reporters.JUnitReportReporter -->
<testsuite hostname="MSI" failures="0" tests="1" name="flipkart.HomePageTest" time="4.304" errors="0" timestamp="2024-07-17T22:33:47 IST" skipped="0">
  <testcase classname="flipkart.HomePageTest" name="verifySearchResultOnSearchingMobile" time="4.304"/>
  <system-out/>
</testsuite> <!-- flipkart.HomePageTest -->
